<?xml version="1.0" encoding="UTF-8"?>
<robot generator="Robot 4.0.3 (Python 3.9.5 on win32)" generated="20210615 14:58:09.914" rpa="false" schemaversion="2">
<suite id="s1" name="Teste" source="C:\Users\sciensa\Desktop\MeusProjetos\Teste.robot">
<test id="s1-t1" name="Abrir o conquista">
<kw name="Acessar a pagina do cadastro" library="resource">
<kw name="Open Browser" library="SeleniumLibrary">
<arg>${URL}</arg>
<arg>${browser}</arg>
<doc>Opens a new browser instance to the optional ``url``.</doc>
<msg timestamp="20210615 14:58:10.154" level="INFO">Opening browser 'chrome' to base url 'http://dev.repositorio.conquista.sciensa.click/#/perfil'.</msg>
<status status="PASS" starttime="20210615 14:58:10.154" endtime="20210615 14:58:14.382"/>
</kw>
<status status="PASS" starttime="20210615 14:58:10.153" endtime="20210615 14:58:14.383"/>
</kw>
<status status="PASS" starttime="20210615 14:58:10.152" endtime="20210615 14:58:14.390"/>
</test>
<test id="s1-t2" name="Fazer login">
<kw name="Login" library="resource">
<kw name="Input Text" library="SeleniumLibrary">
<arg>${login}</arg>
<arg>${cpf}</arg>
<doc>Types the given ``text`` into the text field identified by ``locator``.</doc>
<msg timestamp="20210615 14:58:14.403" level="INFO">Typing text '332.444.528-09' into text field 'name=login'.</msg>
<status status="PASS" starttime="20210615 14:58:14.402" endtime="20210615 14:58:14.747"/>
</kw>
<kw name="Click Element" library="SeleniumLibrary">
<arg>${Button_login}</arg>
<doc>Click the element identified by ``locator``.</doc>
<msg timestamp="20210615 14:58:14.747" level="INFO">Clicking element 'class=MuiButton-label'.</msg>
<status status="PASS" starttime="20210615 14:58:14.747" endtime="20210615 14:58:14.836"/>
</kw>
<kw name="Wait Until Element Is Visible" library="SeleniumLibrary">
<arg>locator=${Input_Senha}</arg>
<arg>timeout=5s</arg>
<doc>Waits until the element ``locator`` is visible.</doc>
<status status="PASS" starttime="20210615 14:58:14.836" endtime="20210615 14:58:16.870"/>
</kw>
<status status="PASS" starttime="20210615 14:58:14.401" endtime="20210615 14:58:16.871"/>
</kw>
<status status="PASS" starttime="20210615 14:58:14.400" endtime="20210615 14:58:16.871"/>
</test>
<test id="s1-t3" name="Acessar a Senha">
<kw name="Digitar senha" library="resource">
<kw name="Input Password" library="SeleniumLibrary">
<arg>${Input_Senha}</arg>
<arg>${Senha}</arg>
<doc>Types the given password into the text field identified by ``locator``.</doc>
<msg timestamp="20210615 14:58:16.877" level="INFO">Typing password into text field 'name=password'.</msg>
<msg timestamp="20210615 14:58:16.918" level="INFO">Temporally setting log level to: NONE</msg>
<msg timestamp="20210615 14:58:17.015" level="INFO">Log level changed from NONE to INFO.</msg>
<status status="PASS" starttime="20210615 14:58:16.876" endtime="20210615 14:58:17.015"/>
</kw>
<kw name="Click Element" library="SeleniumLibrary">
<arg>${Button_login}</arg>
<doc>Click the element identified by ``locator``.</doc>
<msg timestamp="20210615 14:58:17.016" level="INFO">Clicking element 'class=MuiButton-label'.</msg>
<status status="PASS" starttime="20210615 14:58:17.015" endtime="20210615 14:58:17.085"/>
</kw>
<status status="PASS" starttime="20210615 14:58:16.874" endtime="20210615 14:58:17.085"/>
</kw>
<status status="PASS" starttime="20210615 14:58:16.873" endtime="20210615 14:58:17.086"/>
</test>
<test id="s1-t4" name="Conferir campos">
<kw name="Visualizar o campo dados cadastrais" library="resource">
<kw name="Wait Until Element Is Visible" library="SeleniumLibrary">
<arg>locator=${CardDadosCad}</arg>
<arg>timeout=5s</arg>
<doc>Waits until the element ``locator`` is visible.</doc>
<status status="PASS" starttime="20210615 14:58:17.090" endtime="20210615 14:58:21.051"/>
</kw>
<kw name="Element Should Be Visible" library="SeleniumLibrary">
<arg>${CardDadosCad}</arg>
<doc>Verifies that the element identified by ``locator`` is visible.</doc>
<msg timestamp="20210615 14:58:21.069" level="INFO">Element 'class=sc-gKckTs.dXARFf.sc-lgasUg.KcpVh' is displayed.</msg>
<status status="PASS" starttime="20210615 14:58:21.051" endtime="20210615 14:58:21.069"/>
</kw>
<status status="PASS" starttime="20210615 14:58:17.090" endtime="20210615 14:58:21.070"/>
</kw>
<kw name="Visualizar card de pontos" library="resource">
<kw name="Wait Until Element Is Visible" library="SeleniumLibrary">
<arg>locator=${CardPontos}</arg>
<arg>timeout=5s</arg>
<doc>Waits until the element ``locator`` is visible.</doc>
<status status="PASS" starttime="20210615 14:58:21.071" endtime="20210615 14:58:21.817"/>
</kw>
<kw name="Element Should Be Visible" library="SeleniumLibrary">
<arg>${CardPontos}</arg>
<doc>Verifies that the element identified by ``locator`` is visible.</doc>
<msg timestamp="20210615 14:58:21.846" level="INFO">Element 'class=sc-ezHhQD.bOQhlA' is displayed.</msg>
<status status="PASS" starttime="20210615 14:58:21.818" endtime="20210615 14:58:21.846"/>
</kw>
<status status="PASS" starttime="20210615 14:58:21.070" endtime="20210615 14:58:21.846"/>
</kw>
<kw name="Visualizar o campo perfil do investidor" library="resource">
<kw name="Wait Until Element Is Visible" library="SeleniumLibrary">
<arg>locator=${CardPerfil.inves}</arg>
<arg>timeout=5s</arg>
<doc>Waits until the element ``locator`` is visible.</doc>
<status status="PASS" starttime="20210615 14:58:21.848" endtime="20210615 14:58:22.559"/>
</kw>
<kw name="Element Should Be Visible" library="SeleniumLibrary">
<arg>${CardPerfil.inves}</arg>
<doc>Verifies that the element identified by ``locator`` is visible.</doc>
<msg timestamp="20210615 14:58:22.590" level="INFO">Element 'class=sc-PZstE.cBQPca' is displayed.</msg>
<status status="PASS" starttime="20210615 14:58:22.559" endtime="20210615 14:58:22.590"/>
</kw>
<status status="PASS" starttime="20210615 14:58:21.847" endtime="20210615 14:58:22.590"/>
</kw>
<kw name="Visualizar campo parceiro de negocios" library="resource">
<kw name="Wait Until Element Is Visible" library="SeleniumLibrary">
<arg>locator=${CardParceiro}</arg>
<arg>timeout=5s</arg>
<doc>Waits until the element ``locator`` is visible.</doc>
<status status="PASS" starttime="20210615 14:58:22.600" endtime="20210615 14:58:22.635"/>
</kw>
<kw name="Element Should Be Visible" library="SeleniumLibrary">
<arg>${CardParceiro}</arg>
<doc>Verifies that the element identified by ``locator`` is visible.</doc>
<msg timestamp="20210615 14:58:22.656" level="INFO">Element 'class=sc-fmWevp.gHAfOX' is displayed.</msg>
<status status="PASS" starttime="20210615 14:58:22.635" endtime="20210615 14:58:22.657"/>
</kw>
<status status="PASS" starttime="20210615 14:58:22.590" endtime="20210615 14:58:22.657"/>
</kw>
<status status="PASS" starttime="20210615 14:58:17.088" endtime="20210615 14:58:22.658"/>
</test>
<status status="PASS" starttime="20210615 14:58:09.914" endtime="20210615 14:58:22.661"/>
</suite>
<statistics>
<total>
<stat pass="4" fail="0" skip="0">All Tests</stat>
</total>
<tag>
</tag>
<suite>
<stat pass="4" fail="0" skip="0" id="s1" name="Teste">Teste</stat>
</suite>
</statistics>
<errors>
</errors>
</robot>
