<?xml version="1.0" encoding="UTF-8"?>
<robot generator="Robot 4.0.3 (Python 3.9.5 on win32)" generated="20210615 17:28:16.412" rpa="false" schemaversion="2">
<suite id="s1" name="Teste" source="C:\Users\sciensa\Desktop\MeusProjetos\Teste.robot">
<test id="s1-t1" name="Abrir o conquista">
<kw name="Acessar a pagina do cadastro" library="resource">
<kw name="Open Browser" library="SeleniumLibrary">
<arg>${URL}</arg>
<arg>${browser}</arg>
<doc>Opens a new browser instance to the optional ``url``.</doc>
<msg timestamp="20210615 17:28:16.704" level="INFO">Opening browser 'chrome' to base url 'http://dev.repositorio.conquista.sciensa.click/#/perfil'.</msg>
<status status="PASS" starttime="20210615 17:28:16.704" endtime="20210615 17:28:21.936"/>
</kw>
<status status="PASS" starttime="20210615 17:28:16.703" endtime="20210615 17:28:21.936"/>
</kw>
<status status="PASS" starttime="20210615 17:28:16.702" endtime="20210615 17:28:21.939"/>
</test>
<test id="s1-t2" name="Fazer login">
<kw name="Login" library="resource">
<kw name="Input Text" library="SeleniumLibrary">
<arg>${login}</arg>
<arg>${cpf}</arg>
<doc>Types the given ``text`` into the text field identified by ``locator``.</doc>
<msg timestamp="20210615 17:28:21.954" level="INFO">Typing text '332.444.528-09' into text field 'name=login'.</msg>
<status status="PASS" starttime="20210615 17:28:21.953" endtime="20210615 17:28:22.216"/>
</kw>
<kw name="Click Element" library="SeleniumLibrary">
<arg>${Button_login}</arg>
<doc>Click the element identified by ``locator``.</doc>
<msg timestamp="20210615 17:28:22.217" level="INFO">Clicking element 'class=MuiButton-label'.</msg>
<status status="PASS" starttime="20210615 17:28:22.217" endtime="20210615 17:28:22.308"/>
</kw>
<kw name="Wait Until Element Is Visible" library="SeleniumLibrary">
<arg>locator=${Input_Senha}</arg>
<arg>timeout=5s</arg>
<doc>Waits until the element ``locator`` is visible.</doc>
<status status="PASS" starttime="20210615 17:28:22.309" endtime="20210615 17:28:24.532"/>
</kw>
<status status="PASS" starttime="20210615 17:28:21.953" endtime="20210615 17:28:24.532"/>
</kw>
<status status="PASS" starttime="20210615 17:28:21.952" endtime="20210615 17:28:24.533"/>
</test>
<test id="s1-t3" name="Acessar a Senha">
<kw name="Digitar senha" library="resource">
<kw name="Input Password" library="SeleniumLibrary">
<arg>${Input_Senha}</arg>
<arg>${Senha}</arg>
<doc>Types the given password into the text field identified by ``locator``.</doc>
<msg timestamp="20210615 17:28:24.537" level="INFO">Typing password into text field 'name=password'.</msg>
<msg timestamp="20210615 17:28:24.588" level="INFO">Temporally setting log level to: NONE</msg>
<msg timestamp="20210615 17:28:24.694" level="INFO">Log level changed from NONE to INFO.</msg>
<status status="PASS" starttime="20210615 17:28:24.536" endtime="20210615 17:28:24.694"/>
</kw>
<kw name="Click Element" library="SeleniumLibrary">
<arg>${Button_login}</arg>
<doc>Click the element identified by ``locator``.</doc>
<msg timestamp="20210615 17:28:24.695" level="INFO">Clicking element 'class=MuiButton-label'.</msg>
<status status="PASS" starttime="20210615 17:28:24.695" endtime="20210615 17:28:24.766"/>
</kw>
<status status="PASS" starttime="20210615 17:28:24.536" endtime="20210615 17:28:24.766"/>
</kw>
<status status="PASS" starttime="20210615 17:28:24.535" endtime="20210615 17:28:24.767"/>
</test>
<test id="s1-t4" name="Conferir campos">
<kw name="Visualizar o campo dados cadastrais" library="resource">
<kw name="Wait Until Element Is Visible" library="SeleniumLibrary">
<arg>locator=${CardDadosCad}</arg>
<arg>timeout=5s</arg>
<doc>Waits until the element ``locator`` is visible.</doc>
<status status="PASS" starttime="20210615 17:28:24.771" endtime="20210615 17:28:28.974"/>
</kw>
<kw name="Element Should Be Visible" library="SeleniumLibrary">
<arg>${CardDadosCad}</arg>
<doc>Verifies that the element identified by ``locator`` is visible.</doc>
<msg timestamp="20210615 17:28:28.994" level="INFO">Element 'class=sc-gKckTs.dXARFf.sc-lgasUg.KcpVh' is displayed.</msg>
<status status="PASS" starttime="20210615 17:28:28.974" endtime="20210615 17:28:28.995"/>
</kw>
<status status="PASS" starttime="20210615 17:28:24.770" endtime="20210615 17:28:28.995"/>
</kw>
<kw name="Visualizar card de pontos" library="resource">
<kw name="Wait Until Element Is Visible" library="SeleniumLibrary">
<arg>locator=${CardPontos}</arg>
<arg>timeout=5s</arg>
<doc>Waits until the element ``locator`` is visible.</doc>
<status status="PASS" starttime="20210615 17:28:28.997" endtime="20210615 17:28:29.478"/>
</kw>
<kw name="Element Should Be Visible" library="SeleniumLibrary">
<arg>${CardPontos}</arg>
<doc>Verifies that the element identified by ``locator`` is visible.</doc>
<msg timestamp="20210615 17:28:29.500" level="INFO">Element 'class=sc-ezHhQD.bOQhlA' is displayed.</msg>
<status status="PASS" starttime="20210615 17:28:29.478" endtime="20210615 17:28:29.500"/>
</kw>
<status status="PASS" starttime="20210615 17:28:28.996" endtime="20210615 17:28:29.500"/>
</kw>
<kw name="Visualizar o campo perfil do investidor" library="resource">
<kw name="Wait Until Element Is Visible" library="SeleniumLibrary">
<arg>locator=${CardPerfil.inves}</arg>
<arg>timeout=5s</arg>
<doc>Waits until the element ``locator`` is visible.</doc>
<status status="PASS" starttime="20210615 17:28:29.502" endtime="20210615 17:28:30.405"/>
</kw>
<kw name="Element Should Be Visible" library="SeleniumLibrary">
<arg>${CardPerfil.inves}</arg>
<doc>Verifies that the element identified by ``locator`` is visible.</doc>
<msg timestamp="20210615 17:28:30.423" level="INFO">Element 'class=sc-PZstE.cBQPca' is displayed.</msg>
<status status="PASS" starttime="20210615 17:28:30.405" endtime="20210615 17:28:30.423"/>
</kw>
<status status="PASS" starttime="20210615 17:28:29.501" endtime="20210615 17:28:30.424"/>
</kw>
<kw name="Visualizar campo parceiro de negocios" library="resource">
<kw name="Wait Until Element Is Visible" library="SeleniumLibrary">
<arg>locator=${CardParceiro}</arg>
<arg>timeout=5s</arg>
<doc>Waits until the element ``locator`` is visible.</doc>
<status status="PASS" starttime="20210615 17:28:30.425" endtime="20210615 17:28:30.452"/>
</kw>
<kw name="Element Should Be Visible" library="SeleniumLibrary">
<arg>${CardParceiro}</arg>
<doc>Verifies that the element identified by ``locator`` is visible.</doc>
<msg timestamp="20210615 17:28:30.473" level="INFO">Element 'class=sc-fmWevp.gHAfOX' is displayed.</msg>
<status status="PASS" starttime="20210615 17:28:30.452" endtime="20210615 17:28:30.473"/>
</kw>
<status status="PASS" starttime="20210615 17:28:30.425" endtime="20210615 17:28:30.473"/>
</kw>
<status status="PASS" starttime="20210615 17:28:24.769" endtime="20210615 17:28:30.474"/>
</test>
<status status="PASS" starttime="20210615 17:28:16.416" endtime="20210615 17:28:30.477"/>
</suite>
<statistics>
<total>
<stat pass="4" fail="0" skip="0">All Tests</stat>
</total>
<tag>
</tag>
<suite>
<stat pass="4" fail="0" skip="0" id="s1" name="Teste">Teste</stat>
</suite>
</statistics>
<errors>
</errors>
</robot>
