<?xml version="1.0" encoding="UTF-8"?>
<robot generator="Robot 4.0.3 (Python 3.9.5 on win32)" generated="20210614 20:56:17.626" rpa="false" schemaversion="2">
<suite id="s1" name="Teste" source="C:\Users\sciensa\Desktop\MeusProjetos\Teste.robot">
<test id="s1-t1" name="Abrir o conquista">
<kw name="Acessar a pagina do cadastro" library="resource">
<kw name="Open Browser" library="SeleniumLibrary">
<arg>${URL}</arg>
<arg>${browser}</arg>
<doc>Opens a new browser instance to the optional ``url``.</doc>
<msg timestamp="20210614 20:56:17.884" level="INFO">Opening browser 'chrome' to base url 'http://dev.repositorio.conquista.sciensa.click/#/perfil'.</msg>
<status status="PASS" starttime="20210614 20:56:17.884" endtime="20210614 20:56:22.573"/>
</kw>
<status status="PASS" starttime="20210614 20:56:17.883" endtime="20210614 20:56:22.573"/>
</kw>
<status status="PASS" starttime="20210614 20:56:17.882" endtime="20210614 20:56:22.574"/>
</test>
<test id="s1-t2" name="Fazer login">
<kw name="Login" library="resource">
<kw name="Input Text" library="SeleniumLibrary">
<arg>${login}</arg>
<arg>${cpf}</arg>
<doc>Types the given ``text`` into the text field identified by ``locator``.</doc>
<msg timestamp="20210614 20:56:22.580" level="INFO">Typing text '332.444.528-09' into text field 'name=login'.</msg>
<status status="PASS" starttime="20210614 20:56:22.579" endtime="20210614 20:56:22.872"/>
</kw>
<kw name="Click Element" library="SeleniumLibrary">
<arg>${Button_login}</arg>
<doc>Click the element identified by ``locator``.</doc>
<msg timestamp="20210614 20:56:22.873" level="INFO">Clicking element 'class=MuiButton-label'.</msg>
<status status="PASS" starttime="20210614 20:56:22.872" endtime="20210614 20:56:22.960"/>
</kw>
<kw name="Wait Until Element Is Visible" library="SeleniumLibrary">
<arg>locator=${Input_Senha}</arg>
<arg>timeout=5s</arg>
<doc>Waits until the element ``locator`` is visible.</doc>
<status status="PASS" starttime="20210614 20:56:22.960" endtime="20210614 20:56:25.152"/>
</kw>
<status status="PASS" starttime="20210614 20:56:22.578" endtime="20210614 20:56:25.152"/>
</kw>
<status status="PASS" starttime="20210614 20:56:22.576" endtime="20210614 20:56:25.153"/>
</test>
<test id="s1-t3" name="Acessar a Senha">
<kw name="Digitar senha" library="resource">
<kw name="Input Password" library="SeleniumLibrary">
<arg>${Input_Senha}</arg>
<arg>${Senha}</arg>
<doc>Types the given password into the text field identified by ``locator``.</doc>
<msg timestamp="20210614 20:56:25.157" level="INFO">Typing password into text field 'name=password'.</msg>
<msg timestamp="20210614 20:56:25.206" level="INFO">Temporally setting log level to: NONE</msg>
<msg timestamp="20210614 20:56:25.313" level="INFO">Log level changed from NONE to INFO.</msg>
<status status="PASS" starttime="20210614 20:56:25.157" endtime="20210614 20:56:25.313"/>
</kw>
<kw name="Click Element" library="SeleniumLibrary">
<arg>${Button_login}</arg>
<doc>Click the element identified by ``locator``.</doc>
<msg timestamp="20210614 20:56:25.314" level="INFO">Clicking element 'class=MuiButton-label'.</msg>
<status status="PASS" starttime="20210614 20:56:25.314" endtime="20210614 20:56:25.383"/>
</kw>
<status status="PASS" starttime="20210614 20:56:25.156" endtime="20210614 20:56:25.383"/>
</kw>
<status status="PASS" starttime="20210614 20:56:25.155" endtime="20210614 20:56:25.384"/>
</test>
<status status="PASS" starttime="20210614 20:56:17.631" endtime="20210614 20:56:25.387"/>
</suite>
<statistics>
<total>
<stat pass="3" fail="0" skip="0">All Tests</stat>
</total>
<tag>
</tag>
<suite>
<stat pass="3" fail="0" skip="0" id="s1" name="Teste">Teste</stat>
</suite>
</statistics>
<errors>
</errors>
</robot>
